SF:lib\main.dart
DA:10,0
DA:12,0
DA:14,0
DA:18,1
DA:20,1
DA:22,1
DA:24,1
DA:25,1
DA:30,1
DA:32,1
DA:33,1
DA:36,1
DA:37,1
DA:39,1
DA:40,1
DA:51,1
DA:53,1
DA:54,1
DA:65,1
DA:67,1
DA:68,1
DA:71,1
DA:74,1
DA:76,0
DA:77,0
DA:78,0
DA:83,0
DA:87,0
DA:88,0
DA:89,0
DA:90,0
DA:91,0
DA:93,0
DA:96,0
DA:97,0
DA:101,0
DA:103,0
DA:104,0
DA:109,0
DA:110,0
DA:111,0
DA:112,0
DA:115,0
DA:117,0
DA:118,0
DA:119,0
DA:121,0
DA:122,0
DA:127,0
DA:128,0
DA:129,0
DA:130,0
DA:141,0
DA:143,0
DA:144,0
DA:146,0
DA:160,0
DA:161,0
DA:165,0
DA:166,0
DA:167,0
DA:173,0
DA:174,0
DA:175,0
DA:182,0
DA:185,0
DA:186,0
DA:190,0
DA:191,0
DA:192,0
DA:193,0
DA:195,0
DA:196,0
DA:197,0
DA:198,0
DA:206,0
DA:208,0
DA:211,1
DA:213,2
DA:214,2
DA:215,1
DA:218,0
DA:219,0
DA:220,0
DA:221,0
DA:222,0
DA:230,0
DA:231,0
DA:232,0
DA:236,0
DA:237,0
DA:238,0
DA:240,0
DA:241,0
DA:242,0
DA:243,0
DA:245,0
DA:248,0
DA:249,0
DA:250,0
DA:251,0
DA:253,0
DA:256,0
DA:258,0
DA:259,0
DA:260,0
DA:264,0
DA:266,0
DA:267,0
DA:272,1
DA:274,1
DA:275,1
DA:276,1
DA:277,1
DA:278,1
DA:281,1
DA:285,1
DA:303,3
DA:304,3
DA:308,1
DA:309,1
DA:310,1
DA:312,3
DA:315,2
DA:319,1
DA:320,1
DA:321,1
DA:322,2
DA:323,1
DA:326,1
DA:327,1
DA:328,1
DA:329,4
DA:330,4
DA:335,1
DA:336,1
DA:337,4
DA:341,1
DA:342,1
DA:343,1
DA:346,3
DA:349,1
DA:351,1
DA:354,3
DA:358,1
DA:361,1
DA:363,3
DA:370,1
DA:371,0
DA:374,0
DA:375,0
DA:376,0
DA:377,0
DA:378,0
DA:382,0
DA:383,0
DA:384,0
DA:387,0
DA:389,0
DA:390,0
DA:395,0
DA:397,0
DA:398,0
DA:406,1
DA:407,1
DA:408,1
DA:410,2
DA:411,0
DA:412,0
DA:413,0
DA:414,0
DA:416,0
DA:421,1
DA:422,1
DA:424,1
DA:425,3
DA:426,1
DA:427,1
DA:428,1
DA:434,1
DA:435,1
DA:436,1
DA:437,1
DA:438,1
DA:439,4
DA:440,1
DA:441,1
DA:442,4
DA:446,1
DA:447,1
DA:449,0
DA:450,1
DA:452,1
DA:454,1
DA:455,4
DA:457,1
DA:459,3
DA:468,1
DA:470,1
DA:472,1
DA:473,1
DA:474,1
DA:475,0
DA:476,3
DA:478,1
DA:479,1
DA:480,1
DA:481,2
DA:487,1
DA:488,2
DA:489,1
DA:492,1
DA:493,1
DA:498,1
DA:528,0
DA:534,0
DA:535,0
DA:544,0
DA:546,0
DA:547,0
DA:552,0
DA:555,0
DA:556,0
DA:560,0
DA:563,0
DA:564,0
DA:568,0
DA:569,0
DA:571,0
DA:575,0
DA:577,0
DA:578,0
DA:581,0
DA:583,0
DA:584,0
DA:585,0
DA:586,0
DA:587,0
DA:596,0
DA:598,0
DA:600,0
DA:602,0
DA:603,0
DA:605,0
DA:606,0
DA:609,0
DA:612,0
DA:614,0
DA:616,0
DA:617,0
DA:619,0
DA:620,0
DA:621,0
DA:627,0
DA:634,0
DA:636,0
DA:640,0
DA:641,0
DA:642,0
DA:643,0
DA:644,0
DA:646,0
DA:647,0
DA:648,0
DA:649,0
DA:651,0
DA:657,0
DA:658,0
DA:659,0
DA:666,0
DA:667,0
DA:668,0
DA:675,0
DA:676,0
DA:677,0
DA:678,0
DA:679,0
DA:680,0
DA:681,0
DA:682,0
DA:688,0
DA:689,0
DA:690,0
DA:695,0
DA:698,0
DA:701,0
DA:702,0
DA:703,0
DA:715,0
DA:718,0
DA:719,0
DA:720,0
DA:723,0
DA:725,0
DA:726,0
DA:728,0
DA:732,0
DA:734,0
DA:735,0
DA:749,0
DA:753,0
DA:754,0
DA:755,0
DA:756,0
DA:757,0
DA:758,0
DA:759,0
DA:765,0
DA:766,0
DA:767,0
DA:769,0
DA:772,0
DA:774,0
DA:775,0
DA:779,0
DA:781,0
DA:782,0
DA:792,0
DA:793,0
LF:319
LH:107
end_of_record
SF:lib\chat_service.dart
DA:8,0
DA:14,0
DA:20,0
DA:21,0
DA:22,0
DA:25,0
DA:26,0
DA:28,0
DA:30,0
DA:32,0
DA:34,0
DA:35,0
DA:41,0
DA:42,0
DA:45,0
DA:46,0
DA:48,0
DA:51,0
DA:55,0
DA:57,0
DA:58,0
DA:59,0
DA:62,0
DA:64,0
DA:65,0
DA:66,0
DA:67,0
DA:68,0
DA:69,0
LF:29
LH:0
end_of_record
SF:lib\env_config.dart
DA:6,0
DA:9,0
DA:11,0
DA:12,0
DA:13,0
DA:14,0
DA:15,0
DA:17,0
DA:18,0
DA:19,0
DA:20,0
DA:21,0
DA:26,0
DA:31,0
DA:33,0
DA:34,0
DA:39,0
DA:43,0
DA:44,0
DA:45,0
DA:46,0
LF:21
LH:0
end_of_record
SF:lib\download_helper_windows.dart
DA:6,0
DA:7,0
DA:11,0
DA:13,0
DA:18,0
DA:19,0
DA:21,0
DA:24,0
DA:25,0
DA:26,0
DA:31,0
DA:32,0
DA:34,0
DA:40,0
DA:44,0
DA:46,0
DA:47,0
DA:48,0
DA:49,0
DA:50,0
LF:20
LH:0
end_of_record
SF:lib\models.dart
DA:9,0
DA:14,0
DA:16,0
LF:3
LH:0
end_of_record
SF:lib\update_service.dart
DA:14,1
DA:18,2
DA:19,1
DA:21,2
DA:22,0
DA:23,0
DA:26,0
DA:32,0
DA:35,0
DA:39,0
DA:40,0
DA:43,0
DA:44,0
DA:46,0
DA:47,0
DA:52,0
DA:53,0
DA:54,0
DA:57,0
DA:61,0
DA:67,0
DA:68,0
DA:73,0
DA:82,0
DA:84,0
DA:88,0
DA:93,0
DA:94,0
DA:95,0
DA:97,0
DA:103,0
DA:104,0
DA:106,0
DA:107,0
DA:108,0
DA:110,0
DA:111,0
DA:118,0
DA:120,0
DA:121,0
DA:122,0
DA:133,0
DA:140,0
DA:141,0
DA:142,0
DA:143,0
DA:144,0
DA:145,0
DA:149,0
DA:150,0
DA:151,0
DA:152,0
DA:153,0
LF:53
LH:4
end_of_record
